<?xml version="1.0" encoding="UTF-8"?>
<!-- Generated by org.testng.reporters.JUnitReportReporter -->
<testsuite hostname="Sweety" failures="0" tests="2" name="com.w3schools.tests.LoginTest" time="128.042" errors="0" timestamp="2023-08-19T12:25:51 IST" skipped="0">
  <testcase classname="com.w3schools.tests.LoginTest" name="loginWithValidCredentials" time="47.561"/>
  <system-out/>
  <testcase classname="com.w3schools.tests.LoginTest" name="loginWithInvalidEmail" time="80.481"/>
  <system-out/>
</testsuite> <!-- com.w3schools.tests.LoginTest -->
